<?xml version="1.0" encoding="UTF-8"?>
<!-- Generated by org.testng.reporters.JUnitReportReporter -->
<testsuite hostname="DESKTOP-I81DAID" failures="0" tests="1" name="testCases.TC001_AccountRegistrationTest" time="4.545" errors="0" timestamp="2025-01-31T16:03:19 IST" skipped="0">
  <testcase classname="testCases.TC001_AccountRegistrationTest" name="verify_account_registartion" time="4.545"/>
</testsuite> <!-- testCases.TC001_AccountRegistrationTest -->
